INFO - 2024-08-14 02:40:28 --> Session: Class initialized using 'CodeIgniter\Session\Handlers\FileHandler' driver.
ERROR - 2024-08-14 02:40:28 --> mysqli_sql_exception: Table 'u1658729_tigapuluhsatu.tb_profil' doesn't exist in engine in C:\Users\ganot\OneDrive\Documents\magang\company profile\kocengmerawoodcraft.kadinkotamalang.com\kocengmerawoodcraft.kadinkotamalang.com\31\system\Database\MySQLi\Connection.php:295
Stack trace:
#0 C:\Users\ganot\OneDrive\Documents\magang\company profile\kocengmerawoodcraft.kadinkotamalang.com\kocengmerawoodcraft.kadinkotamalang.com\31\system\Database\MySQLi\Connection.php(295): mysqli->query('SELECT *\nFROM `...', 0)
#1 C:\Users\ganot\OneDrive\Documents\magang\company profile\kocengmerawoodcraft.kadinkotamalang.com\kocengmerawoodcraft.kadinkotamalang.com\31\system\Database\BaseConnection.php(692): CodeIgniter\Database\MySQLi\Connection->execute('SELECT *\nFROM `...')
#2 C:\Users\ganot\OneDrive\Documents\magang\company profile\kocengmerawoodcraft.kadinkotamalang.com\kocengmerawoodcraft.kadinkotamalang.com\31\system\Database\BaseConnection.php(606): CodeIgniter\Database\BaseConnection->simpleQuery('SELECT *\nFROM `...')
#3 C:\Users\ganot\OneDrive\Documents\magang\company profile\kocengmerawoodcraft.kadinkotamalang.com\kocengmerawoodcraft.kadinkotamalang.com\31\system\Database\BaseBuilder.php(1616): CodeIgniter\Database\BaseConnection->query('SELECT *\nFROM `...', Array, false)
#4 C:\Users\ganot\OneDrive\Documents\magang\company profile\kocengmerawoodcraft.kadinkotamalang.com\kocengmerawoodcraft.kadinkotamalang.com\31\system\Model.php(241): CodeIgniter\Database\BaseBuilder->get()
#5 C:\Users\ganot\OneDrive\Documents\magang\company profile\kocengmerawoodcraft.kadinkotamalang.com\kocengmerawoodcraft.kadinkotamalang.com\31\system\BaseModel.php(618): CodeIgniter\Model->doFindAll(0, 0)
#6 C:\Users\ganot\OneDrive\Documents\magang\company profile\kocengmerawoodcraft.kadinkotamalang.com\kocengmerawoodcraft.kadinkotamalang.com\31\app\Controllers\user\Homectrl.php(31): CodeIgniter\BaseModel->findAll()
#7 C:\Users\ganot\OneDrive\Documents\magang\company profile\kocengmerawoodcraft.kadinkotamalang.com\kocengmerawoodcraft.kadinkotamalang.com\31\system\CodeIgniter.php(932): App\Controllers\user\Homectrl->index()
#8 C:\Users\ganot\OneDrive\Documents\magang\company profile\kocengmerawoodcraft.kadinkotamalang.com\kocengmerawoodcraft.kadinkotamalang.com\31\system\CodeIgniter.php(497): CodeIgniter\CodeIgniter->runController(Object(App\Controllers\user\Homectrl))
#9 C:\Users\ganot\OneDrive\Documents\magang\company profile\kocengmerawoodcraft.kadinkotamalang.com\kocengmerawoodcraft.kadinkotamalang.com\31\system\CodeIgniter.php(366): CodeIgniter\CodeIgniter->handleRequest(NULL, Object(Config\Cache), false)
#10 C:\Users\ganot\OneDrive\Documents\magang\company profile\kocengmerawoodcraft.kadinkotamalang.com\kocengmerawoodcraft.kadinkotamalang.com\31\public\index.php(67): CodeIgniter\CodeIgniter->run()
#11 C:\Users\ganot\OneDrive\Documents\magang\company profile\kocengmerawoodcraft.kadinkotamalang.com\kocengmerawoodcraft.kadinkotamalang.com\31\system\Commands\Server\rewrite.php(47): require_once('C:\\Users\\ganot\\...')
#12 {main}
CRITICAL - 2024-08-14 02:40:28 --> Table 'u1658729_tigapuluhsatu.tb_profil' doesn't exist in engine
in SYSTEMPATH\Database\MySQLi\Connection.php on line 295.
 1 SYSTEMPATH\Database\MySQLi\Connection.php(295): mysqli->query('SELECT *
FROM `tb_profil`', 0)
 2 SYSTEMPATH\Database\BaseConnection.php(692): CodeIgniter\Database\MySQLi\Connection->execute('SELECT *
FROM `tb_profil`')
 3 SYSTEMPATH\Database\BaseConnection.php(606): CodeIgniter\Database\BaseConnection->simpleQuery('SELECT *
FROM `tb_profil`')
 4 SYSTEMPATH\Database\BaseBuilder.php(1616): CodeIgniter\Database\BaseConnection->query('SELECT *
FROM `tb_profil`', [], false)
 5 SYSTEMPATH\Model.php(241): CodeIgniter\Database\BaseBuilder->get()
 6 SYSTEMPATH\BaseModel.php(618): CodeIgniter\Model->doFindAll(0, 0)
 7 APPPATH\Controllers\user\Homectrl.php(31): CodeIgniter\BaseModel->findAll()
 8 SYSTEMPATH\CodeIgniter.php(932): App\Controllers\user\Homectrl->index()
 9 SYSTEMPATH\CodeIgniter.php(497): CodeIgniter\CodeIgniter->runController(Object(App\Controllers\user\Homectrl))
10 SYSTEMPATH\CodeIgniter.php(366): CodeIgniter\CodeIgniter->handleRequest(null, Object(Config\Cache), false)
11 FCPATH\index.php(67): CodeIgniter\CodeIgniter->run()
12 SYSTEMPATH\Commands\Server\rewrite.php(47): require_once('C:\\Users\\ganot\\OneDrive\\Documents\\magang\\company profile\\kocengmerawoodcraft.kadinkotamalang.com\\kocengmerawoodcraft.kadinkotamalang.com\\31\\public\\index.php')
INFO - 2024-08-14 02:41:15 --> Session: Class initialized using 'CodeIgniter\Session\Handlers\FileHandler' driver.
ERROR - 2024-08-14 02:41:19 --> Error connecting to the database: mysqli_sql_exception: No connection could be made because the target machine actively refused it in C:\Users\ganot\OneDrive\Documents\magang\company profile\kocengmerawoodcraft.kadinkotamalang.com\kocengmerawoodcraft.kadinkotamalang.com\31\system\Database\MySQLi\Connection.php:174
Stack trace:
#0 C:\Users\ganot\OneDrive\Documents\magang\company profile\kocengmerawoodcraft.kadinkotamalang.com\kocengmerawoodcraft.kadinkotamalang.com\31\system\Database\MySQLi\Connection.php(174): mysqli->real_connect('localhost', 'root', '', 'u1658729_tigapu...', 3306, '', 0)
#1 C:\Users\ganot\OneDrive\Documents\magang\company profile\kocengmerawoodcraft.kadinkotamalang.com\kocengmerawoodcraft.kadinkotamalang.com\31\system\Database\BaseConnection.php(391): CodeIgniter\Database\MySQLi\Connection->connect(false)
#2 C:\Users\ganot\OneDrive\Documents\magang\company profile\kocengmerawoodcraft.kadinkotamalang.com\kocengmerawoodcraft.kadinkotamalang.com\31\system\Database\BaseConnection.php(574): CodeIgniter\Database\BaseConnection->initialize()
#3 C:\Users\ganot\OneDrive\Documents\magang\company profile\kocengmerawoodcraft.kadinkotamalang.com\kocengmerawoodcraft.kadinkotamalang.com\31\system\Database\BaseBuilder.php(1616): CodeIgniter\Database\BaseConnection->query('SELECT *\nFROM `...', Array, false)
#4 C:\Users\ganot\OneDrive\Documents\magang\company profile\kocengmerawoodcraft.kadinkotamalang.com\kocengmerawoodcraft.kadinkotamalang.com\31\system\Model.php(241): CodeIgniter\Database\BaseBuilder->get()
#5 C:\Users\ganot\OneDrive\Documents\magang\company profile\kocengmerawoodcraft.kadinkotamalang.com\kocengmerawoodcraft.kadinkotamalang.com\31\system\BaseModel.php(618): CodeIgniter\Model->doFindAll(0, 0)
#6 C:\Users\ganot\OneDrive\Documents\magang\company profile\kocengmerawoodcraft.kadinkotamalang.com\kocengmerawoodcraft.kadinkotamalang.com\31\app\Controllers\user\Homectrl.php(31): CodeIgniter\BaseModel->findAll()
#7 C:\Users\ganot\OneDrive\Documents\magang\company profile\kocengmerawoodcraft.kadinkotamalang.com\kocengmerawoodcraft.kadinkotamalang.com\31\system\CodeIgniter.php(932): App\Controllers\user\Homectrl->index()
#8 C:\Users\ganot\OneDrive\Documents\magang\company profile\kocengmerawoodcraft.kadinkotamalang.com\kocengmerawoodcraft.kadinkotamalang.com\31\system\CodeIgniter.php(497): CodeIgniter\CodeIgniter->runController(Object(App\Controllers\user\Homectrl))
#9 C:\Users\ganot\OneDrive\Documents\magang\company profile\kocengmerawoodcraft.kadinkotamalang.com\kocengmerawoodcraft.kadinkotamalang.com\31\system\CodeIgniter.php(366): CodeIgniter\CodeIgniter->handleRequest(NULL, Object(Config\Cache), false)
#10 C:\Users\ganot\OneDrive\Documents\magang\company profile\kocengmerawoodcraft.kadinkotamalang.com\kocengmerawoodcraft.kadinkotamalang.com\31\public\index.php(67): CodeIgniter\CodeIgniter->run()
#11 C:\Users\ganot\OneDrive\Documents\magang\company profile\kocengmerawoodcraft.kadinkotamalang.com\kocengmerawoodcraft.kadinkotamalang.com\31\system\Commands\Server\rewrite.php(47): require_once('C:\\Users\\ganot\\...')
#12 {main}

Next CodeIgniter\Database\Exceptions\DatabaseException: No connection could be made because the target machine actively refused it in C:\Users\ganot\OneDrive\Documents\magang\company profile\kocengmerawoodcraft.kadinkotamalang.com\kocengmerawoodcraft.kadinkotamalang.com\31\system\Database\MySQLi\Connection.php:218
Stack trace:
#0 C:\Users\ganot\OneDrive\Documents\magang\company profile\kocengmerawoodcraft.kadinkotamalang.com\kocengmerawoodcraft.kadinkotamalang.com\31\system\Database\BaseConnection.php(391): CodeIgniter\Database\MySQLi\Connection->connect(false)
#1 C:\Users\ganot\OneDrive\Documents\magang\company profile\kocengmerawoodcraft.kadinkotamalang.com\kocengmerawoodcraft.kadinkotamalang.com\31\system\Database\BaseConnection.php(574): CodeIgniter\Database\BaseConnection->initialize()
#2 C:\Users\ganot\OneDrive\Documents\magang\company profile\kocengmerawoodcraft.kadinkotamalang.com\kocengmerawoodcraft.kadinkotamalang.com\31\system\Database\BaseBuilder.php(1616): CodeIgniter\Database\BaseConnection->query('SELECT *\nFROM `...', Array, false)
#3 C:\Users\ganot\OneDrive\Documents\magang\company profile\kocengmerawoodcraft.kadinkotamalang.com\kocengmerawoodcraft.kadinkotamalang.com\31\system\Model.php(241): CodeIgniter\Database\BaseBuilder->get()
#4 C:\Users\ganot\OneDrive\Documents\magang\company profile\kocengmerawoodcraft.kadinkotamalang.com\kocengmerawoodcraft.kadinkotamalang.com\31\system\BaseModel.php(618): CodeIgniter\Model->doFindAll(0, 0)
#5 C:\Users\ganot\OneDrive\Documents\magang\company profile\kocengmerawoodcraft.kadinkotamalang.com\kocengmerawoodcraft.kadinkotamalang.com\31\app\Controllers\user\Homectrl.php(31): CodeIgniter\BaseModel->findAll()
#6 C:\Users\ganot\OneDrive\Documents\magang\company profile\kocengmerawoodcraft.kadinkotamalang.com\kocengmerawoodcraft.kadinkotamalang.com\31\system\CodeIgniter.php(932): App\Controllers\user\Homectrl->index()
#7 C:\Users\ganot\OneDrive\Documents\magang\company profile\kocengmerawoodcraft.kadinkotamalang.com\kocengmerawoodcraft.kadinkotamalang.com\31\system\CodeIgniter.php(497): CodeIgniter\CodeIgniter->runController(Object(App\Controllers\user\Homectrl))
#8 C:\Users\ganot\OneDrive\Documents\magang\company profile\kocengmerawoodcraft.kadinkotamalang.com\kocengmerawoodcraft.kadinkotamalang.com\31\system\CodeIgniter.php(366): CodeIgniter\CodeIgniter->handleRequest(NULL, Object(Config\Cache), false)
#9 C:\Users\ganot\OneDrive\Documents\magang\company profile\kocengmerawoodcraft.kadinkotamalang.com\kocengmerawoodcraft.kadinkotamalang.com\31\public\index.php(67): CodeIgniter\CodeIgniter->run()
#10 C:\Users\ganot\OneDrive\Documents\magang\company profile\kocengmerawoodcraft.kadinkotamalang.com\kocengmerawoodcraft.kadinkotamalang.com\31\system\Commands\Server\rewrite.php(47): require_once('C:\\Users\\ganot\\...')
#11 {main}
CRITICAL - 2024-08-14 02:41:19 --> Unable to connect to the database.
Main connection [MySQLi]: No connection could be made because the target machine actively refused it
in SYSTEMPATH\Database\BaseConnection.php on line 427.
 1 SYSTEMPATH\Database\BaseConnection.php(574): CodeIgniter\Database\BaseConnection->initialize()
 2 SYSTEMPATH\Database\BaseBuilder.php(1616): CodeIgniter\Database\BaseConnection->query('SELECT *
FROM `tb_profil`', [], false)
 3 SYSTEMPATH\Model.php(241): CodeIgniter\Database\BaseBuilder->get()
 4 SYSTEMPATH\BaseModel.php(618): CodeIgniter\Model->doFindAll(0, 0)
 5 APPPATH\Controllers\user\Homectrl.php(31): CodeIgniter\BaseModel->findAll()
 6 SYSTEMPATH\CodeIgniter.php(932): App\Controllers\user\Homectrl->index()
 7 SYSTEMPATH\CodeIgniter.php(497): CodeIgniter\CodeIgniter->runController(Object(App\Controllers\user\Homectrl))
 8 SYSTEMPATH\CodeIgniter.php(366): CodeIgniter\CodeIgniter->handleRequest(null, Object(Config\Cache), false)
 9 FCPATH\index.php(67): CodeIgniter\CodeIgniter->run()
10 SYSTEMPATH\Commands\Server\rewrite.php(47): require_once('C:\\Users\\ganot\\OneDrive\\Documents\\magang\\company profile\\kocengmerawoodcraft.kadinkotamalang.com\\kocengmerawoodcraft.kadinkotamalang.com\\31\\public\\index.php')
INFO - 2024-08-14 02:41:28 --> Session: Class initialized using 'CodeIgniter\Session\Handlers\FileHandler' driver.
ERROR - 2024-08-14 02:41:32 --> Error connecting to the database: mysqli_sql_exception: No connection could be made because the target machine actively refused it in C:\Users\ganot\OneDrive\Documents\magang\company profile\kocengmerawoodcraft.kadinkotamalang.com\kocengmerawoodcraft.kadinkotamalang.com\31\system\Database\MySQLi\Connection.php:174
Stack trace:
#0 C:\Users\ganot\OneDrive\Documents\magang\company profile\kocengmerawoodcraft.kadinkotamalang.com\kocengmerawoodcraft.kadinkotamalang.com\31\system\Database\MySQLi\Connection.php(174): mysqli->real_connect('localhost', 'root', '', 'u1658729_tigapu...', 3306, '', 0)
#1 C:\Users\ganot\OneDrive\Documents\magang\company profile\kocengmerawoodcraft.kadinkotamalang.com\kocengmerawoodcraft.kadinkotamalang.com\31\system\Database\BaseConnection.php(391): CodeIgniter\Database\MySQLi\Connection->connect(false)
#2 C:\Users\ganot\OneDrive\Documents\magang\company profile\kocengmerawoodcraft.kadinkotamalang.com\kocengmerawoodcraft.kadinkotamalang.com\31\system\Database\BaseConnection.php(574): CodeIgniter\Database\BaseConnection->initialize()
#3 C:\Users\ganot\OneDrive\Documents\magang\company profile\kocengmerawoodcraft.kadinkotamalang.com\kocengmerawoodcraft.kadinkotamalang.com\31\system\Database\BaseBuilder.php(1616): CodeIgniter\Database\BaseConnection->query('SELECT *\nFROM `...', Array, false)
#4 C:\Users\ganot\OneDrive\Documents\magang\company profile\kocengmerawoodcraft.kadinkotamalang.com\kocengmerawoodcraft.kadinkotamalang.com\31\system\Model.php(241): CodeIgniter\Database\BaseBuilder->get()
#5 C:\Users\ganot\OneDrive\Documents\magang\company profile\kocengmerawoodcraft.kadinkotamalang.com\kocengmerawoodcraft.kadinkotamalang.com\31\system\BaseModel.php(618): CodeIgniter\Model->doFindAll(0, 0)
#6 C:\Users\ganot\OneDrive\Documents\magang\company profile\kocengmerawoodcraft.kadinkotamalang.com\kocengmerawoodcraft.kadinkotamalang.com\31\app\Controllers\user\Homectrl.php(31): CodeIgniter\BaseModel->findAll()
#7 C:\Users\ganot\OneDrive\Documents\magang\company profile\kocengmerawoodcraft.kadinkotamalang.com\kocengmerawoodcraft.kadinkotamalang.com\31\system\CodeIgniter.php(932): App\Controllers\user\Homectrl->index()
#8 C:\Users\ganot\OneDrive\Documents\magang\company profile\kocengmerawoodcraft.kadinkotamalang.com\kocengmerawoodcraft.kadinkotamalang.com\31\system\CodeIgniter.php(497): CodeIgniter\CodeIgniter->runController(Object(App\Controllers\user\Homectrl))
#9 C:\Users\ganot\OneDrive\Documents\magang\company profile\kocengmerawoodcraft.kadinkotamalang.com\kocengmerawoodcraft.kadinkotamalang.com\31\system\CodeIgniter.php(366): CodeIgniter\CodeIgniter->handleRequest(NULL, Object(Config\Cache), false)
#10 C:\Users\ganot\OneDrive\Documents\magang\company profile\kocengmerawoodcraft.kadinkotamalang.com\kocengmerawoodcraft.kadinkotamalang.com\31\public\index.php(67): CodeIgniter\CodeIgniter->run()
#11 C:\Users\ganot\OneDrive\Documents\magang\company profile\kocengmerawoodcraft.kadinkotamalang.com\kocengmerawoodcraft.kadinkotamalang.com\31\system\Commands\Server\rewrite.php(47): require_once('C:\\Users\\ganot\\...')
#12 {main}

Next CodeIgniter\Database\Exceptions\DatabaseException: No connection could be made because the target machine actively refused it in C:\Users\ganot\OneDrive\Documents\magang\company profile\kocengmerawoodcraft.kadinkotamalang.com\kocengmerawoodcraft.kadinkotamalang.com\31\system\Database\MySQLi\Connection.php:218
Stack trace:
#0 C:\Users\ganot\OneDrive\Documents\magang\company profile\kocengmerawoodcraft.kadinkotamalang.com\kocengmerawoodcraft.kadinkotamalang.com\31\system\Database\BaseConnection.php(391): CodeIgniter\Database\MySQLi\Connection->connect(false)
#1 C:\Users\ganot\OneDrive\Documents\magang\company profile\kocengmerawoodcraft.kadinkotamalang.com\kocengmerawoodcraft.kadinkotamalang.com\31\system\Database\BaseConnection.php(574): CodeIgniter\Database\BaseConnection->initialize()
#2 C:\Users\ganot\OneDrive\Documents\magang\company profile\kocengmerawoodcraft.kadinkotamalang.com\kocengmerawoodcraft.kadinkotamalang.com\31\system\Database\BaseBuilder.php(1616): CodeIgniter\Database\BaseConnection->query('SELECT *\nFROM `...', Array, false)
#3 C:\Users\ganot\OneDrive\Documents\magang\company profile\kocengmerawoodcraft.kadinkotamalang.com\kocengmerawoodcraft.kadinkotamalang.com\31\system\Model.php(241): CodeIgniter\Database\BaseBuilder->get()
#4 C:\Users\ganot\OneDrive\Documents\magang\company profile\kocengmerawoodcraft.kadinkotamalang.com\kocengmerawoodcraft.kadinkotamalang.com\31\system\BaseModel.php(618): CodeIgniter\Model->doFindAll(0, 0)
#5 C:\Users\ganot\OneDrive\Documents\magang\company profile\kocengmerawoodcraft.kadinkotamalang.com\kocengmerawoodcraft.kadinkotamalang.com\31\app\Controllers\user\Homectrl.php(31): CodeIgniter\BaseModel->findAll()
#6 C:\Users\ganot\OneDrive\Documents\magang\company profile\kocengmerawoodcraft.kadinkotamalang.com\kocengmerawoodcraft.kadinkotamalang.com\31\system\CodeIgniter.php(932): App\Controllers\user\Homectrl->index()
#7 C:\Users\ganot\OneDrive\Documents\magang\company profile\kocengmerawoodcraft.kadinkotamalang.com\kocengmerawoodcraft.kadinkotamalang.com\31\system\CodeIgniter.php(497): CodeIgniter\CodeIgniter->runController(Object(App\Controllers\user\Homectrl))
#8 C:\Users\ganot\OneDrive\Documents\magang\company profile\kocengmerawoodcraft.kadinkotamalang.com\kocengmerawoodcraft.kadinkotamalang.com\31\system\CodeIgniter.php(366): CodeIgniter\CodeIgniter->handleRequest(NULL, Object(Config\Cache), false)
#9 C:\Users\ganot\OneDrive\Documents\magang\company profile\kocengmerawoodcraft.kadinkotamalang.com\kocengmerawoodcraft.kadinkotamalang.com\31\public\index.php(67): CodeIgniter\CodeIgniter->run()
#10 C:\Users\ganot\OneDrive\Documents\magang\company profile\kocengmerawoodcraft.kadinkotamalang.com\kocengmerawoodcraft.kadinkotamalang.com\31\system\Commands\Server\rewrite.php(47): require_once('C:\\Users\\ganot\\...')
#11 {main}
CRITICAL - 2024-08-14 02:41:32 --> Unable to connect to the database.
Main connection [MySQLi]: No connection could be made because the target machine actively refused it
in SYSTEMPATH\Database\BaseConnection.php on line 427.
 1 SYSTEMPATH\Database\BaseConnection.php(574): CodeIgniter\Database\BaseConnection->initialize()
 2 SYSTEMPATH\Database\BaseBuilder.php(1616): CodeIgniter\Database\BaseConnection->query('SELECT *
FROM `tb_profil`', [], false)
 3 SYSTEMPATH\Model.php(241): CodeIgniter\Database\BaseBuilder->get()
 4 SYSTEMPATH\BaseModel.php(618): CodeIgniter\Model->doFindAll(0, 0)
 5 APPPATH\Controllers\user\Homectrl.php(31): CodeIgniter\BaseModel->findAll()
 6 SYSTEMPATH\CodeIgniter.php(932): App\Controllers\user\Homectrl->index()
 7 SYSTEMPATH\CodeIgniter.php(497): CodeIgniter\CodeIgniter->runController(Object(App\Controllers\user\Homectrl))
 8 SYSTEMPATH\CodeIgniter.php(366): CodeIgniter\CodeIgniter->handleRequest(null, Object(Config\Cache), false)
 9 FCPATH\index.php(67): CodeIgniter\CodeIgniter->run()
10 SYSTEMPATH\Commands\Server\rewrite.php(47): require_once('C:\\Users\\ganot\\OneDrive\\Documents\\magang\\company profile\\kocengmerawoodcraft.kadinkotamalang.com\\kocengmerawoodcraft.kadinkotamalang.com\\31\\public\\index.php')
INFO - 2024-08-14 02:43:45 --> Session: Class initialized using 'CodeIgniter\Session\Handlers\FileHandler' driver.
ERROR - 2024-08-14 02:43:49 --> Error connecting to the database: mysqli_sql_exception: No connection could be made because the target machine actively refused it in C:\Users\ganot\OneDrive\Documents\magang\company profile\kocengmerawoodcraft.kadinkotamalang.com\kocengmerawoodcraft.kadinkotamalang.com\31\system\Database\MySQLi\Connection.php:174
Stack trace:
#0 C:\Users\ganot\OneDrive\Documents\magang\company profile\kocengmerawoodcraft.kadinkotamalang.com\kocengmerawoodcraft.kadinkotamalang.com\31\system\Database\MySQLi\Connection.php(174): mysqli->real_connect('localhost', 'root', '', 'u1658729_tigapu...', 3306, '', 0)
#1 C:\Users\ganot\OneDrive\Documents\magang\company profile\kocengmerawoodcraft.kadinkotamalang.com\kocengmerawoodcraft.kadinkotamalang.com\31\system\Database\BaseConnection.php(391): CodeIgniter\Database\MySQLi\Connection->connect(false)
#2 C:\Users\ganot\OneDrive\Documents\magang\company profile\kocengmerawoodcraft.kadinkotamalang.com\kocengmerawoodcraft.kadinkotamalang.com\31\system\Database\BaseConnection.php(574): CodeIgniter\Database\BaseConnection->initialize()
#3 C:\Users\ganot\OneDrive\Documents\magang\company profile\kocengmerawoodcraft.kadinkotamalang.com\kocengmerawoodcraft.kadinkotamalang.com\31\system\Database\BaseBuilder.php(1616): CodeIgniter\Database\BaseConnection->query('SELECT *\nFROM `...', Array, false)
#4 C:\Users\ganot\OneDrive\Documents\magang\company profile\kocengmerawoodcraft.kadinkotamalang.com\kocengmerawoodcraft.kadinkotamalang.com\31\system\Model.php(241): CodeIgniter\Database\BaseBuilder->get()
#5 C:\Users\ganot\OneDrive\Documents\magang\company profile\kocengmerawoodcraft.kadinkotamalang.com\kocengmerawoodcraft.kadinkotamalang.com\31\system\BaseModel.php(618): CodeIgniter\Model->doFindAll(0, 0)
#6 C:\Users\ganot\OneDrive\Documents\magang\company profile\kocengmerawoodcraft.kadinkotamalang.com\kocengmerawoodcraft.kadinkotamalang.com\31\app\Controllers\user\Homectrl.php(31): CodeIgniter\BaseModel->findAll()
#7 C:\Users\ganot\OneDrive\Documents\magang\company profile\kocengmerawoodcraft.kadinkotamalang.com\kocengmerawoodcraft.kadinkotamalang.com\31\system\CodeIgniter.php(932): App\Controllers\user\Homectrl->index()
#8 C:\Users\ganot\OneDrive\Documents\magang\company profile\kocengmerawoodcraft.kadinkotamalang.com\kocengmerawoodcraft.kadinkotamalang.com\31\system\CodeIgniter.php(497): CodeIgniter\CodeIgniter->runController(Object(App\Controllers\user\Homectrl))
#9 C:\Users\ganot\OneDrive\Documents\magang\company profile\kocengmerawoodcraft.kadinkotamalang.com\kocengmerawoodcraft.kadinkotamalang.com\31\system\CodeIgniter.php(366): CodeIgniter\CodeIgniter->handleRequest(NULL, Object(Config\Cache), false)
#10 C:\Users\ganot\OneDrive\Documents\magang\company profile\kocengmerawoodcraft.kadinkotamalang.com\kocengmerawoodcraft.kadinkotamalang.com\31\public\index.php(67): CodeIgniter\CodeIgniter->run()
#11 C:\Users\ganot\OneDrive\Documents\magang\company profile\kocengmerawoodcraft.kadinkotamalang.com\kocengmerawoodcraft.kadinkotamalang.com\31\system\Commands\Server\rewrite.php(47): require_once('C:\\Users\\ganot\\...')
#12 {main}

Next CodeIgniter\Database\Exceptions\DatabaseException: No connection could be made because the target machine actively refused it in C:\Users\ganot\OneDrive\Documents\magang\company profile\kocengmerawoodcraft.kadinkotamalang.com\kocengmerawoodcraft.kadinkotamalang.com\31\system\Database\MySQLi\Connection.php:218
Stack trace:
#0 C:\Users\ganot\OneDrive\Documents\magang\company profile\kocengmerawoodcraft.kadinkotamalang.com\kocengmerawoodcraft.kadinkotamalang.com\31\system\Database\BaseConnection.php(391): CodeIgniter\Database\MySQLi\Connection->connect(false)
#1 C:\Users\ganot\OneDrive\Documents\magang\company profile\kocengmerawoodcraft.kadinkotamalang.com\kocengmerawoodcraft.kadinkotamalang.com\31\system\Database\BaseConnection.php(574): CodeIgniter\Database\BaseConnection->initialize()
#2 C:\Users\ganot\OneDrive\Documents\magang\company profile\kocengmerawoodcraft.kadinkotamalang.com\kocengmerawoodcraft.kadinkotamalang.com\31\system\Database\BaseBuilder.php(1616): CodeIgniter\Database\BaseConnection->query('SELECT *\nFROM `...', Array, false)
#3 C:\Users\ganot\OneDrive\Documents\magang\company profile\kocengmerawoodcraft.kadinkotamalang.com\kocengmerawoodcraft.kadinkotamalang.com\31\system\Model.php(241): CodeIgniter\Database\BaseBuilder->get()
#4 C:\Users\ganot\OneDrive\Documents\magang\company profile\kocengmerawoodcraft.kadinkotamalang.com\kocengmerawoodcraft.kadinkotamalang.com\31\system\BaseModel.php(618): CodeIgniter\Model->doFindAll(0, 0)
#5 C:\Users\ganot\OneDrive\Documents\magang\company profile\kocengmerawoodcraft.kadinkotamalang.com\kocengmerawoodcraft.kadinkotamalang.com\31\app\Controllers\user\Homectrl.php(31): CodeIgniter\BaseModel->findAll()
#6 C:\Users\ganot\OneDrive\Documents\magang\company profile\kocengmerawoodcraft.kadinkotamalang.com\kocengmerawoodcraft.kadinkotamalang.com\31\system\CodeIgniter.php(932): App\Controllers\user\Homectrl->index()
#7 C:\Users\ganot\OneDrive\Documents\magang\company profile\kocengmerawoodcraft.kadinkotamalang.com\kocengmerawoodcraft.kadinkotamalang.com\31\system\CodeIgniter.php(497): CodeIgniter\CodeIgniter->runController(Object(App\Controllers\user\Homectrl))
#8 C:\Users\ganot\OneDrive\Documents\magang\company profile\kocengmerawoodcraft.kadinkotamalang.com\kocengmerawoodcraft.kadinkotamalang.com\31\system\CodeIgniter.php(366): CodeIgniter\CodeIgniter->handleRequest(NULL, Object(Config\Cache), false)
#9 C:\Users\ganot\OneDrive\Documents\magang\company profile\kocengmerawoodcraft.kadinkotamalang.com\kocengmerawoodcraft.kadinkotamalang.com\31\public\index.php(67): CodeIgniter\CodeIgniter->run()
#10 C:\Users\ganot\OneDrive\Documents\magang\company profile\kocengmerawoodcraft.kadinkotamalang.com\kocengmerawoodcraft.kadinkotamalang.com\31\system\Commands\Server\rewrite.php(47): require_once('C:\\Users\\ganot\\...')
#11 {main}
CRITICAL - 2024-08-14 02:43:49 --> Unable to connect to the database.
Main connection [MySQLi]: No connection could be made because the target machine actively refused it
in SYSTEMPATH\Database\BaseConnection.php on line 427.
 1 SYSTEMPATH\Database\BaseConnection.php(574): CodeIgniter\Database\BaseConnection->initialize()
 2 SYSTEMPATH\Database\BaseBuilder.php(1616): CodeIgniter\Database\BaseConnection->query('SELECT *
FROM `tb_profil`', [], false)
 3 SYSTEMPATH\Model.php(241): CodeIgniter\Database\BaseBuilder->get()
 4 SYSTEMPATH\BaseModel.php(618): CodeIgniter\Model->doFindAll(0, 0)
 5 APPPATH\Controllers\user\Homectrl.php(31): CodeIgniter\BaseModel->findAll()
 6 SYSTEMPATH\CodeIgniter.php(932): App\Controllers\user\Homectrl->index()
 7 SYSTEMPATH\CodeIgniter.php(497): CodeIgniter\CodeIgniter->runController(Object(App\Controllers\user\Homectrl))
 8 SYSTEMPATH\CodeIgniter.php(366): CodeIgniter\CodeIgniter->handleRequest(null, Object(Config\Cache), false)
 9 FCPATH\index.php(67): CodeIgniter\CodeIgniter->run()
10 SYSTEMPATH\Commands\Server\rewrite.php(47): require_once('C:\\Users\\ganot\\OneDrive\\Documents\\magang\\company profile\\kocengmerawoodcraft.kadinkotamalang.com\\kocengmerawoodcraft.kadinkotamalang.com\\31\\public\\index.php')
INFO - 2024-08-14 02:45:35 --> Session: Class initialized using 'CodeIgniter\Session\Handlers\FileHandler' driver.
ERROR - 2024-08-14 02:45:39 --> Error connecting to the database: mysqli_sql_exception: No connection could be made because the target machine actively refused it in C:\Users\ganot\OneDrive\Documents\magang\company profile\kocengmerawoodcraft.kadinkotamalang.com\kocengmerawoodcraft.kadinkotamalang.com\31\system\Database\MySQLi\Connection.php:174
Stack trace:
#0 C:\Users\ganot\OneDrive\Documents\magang\company profile\kocengmerawoodcraft.kadinkotamalang.com\kocengmerawoodcraft.kadinkotamalang.com\31\system\Database\MySQLi\Connection.php(174): mysqli->real_connect('localhost', 'root', '', 'u1658729_tigapu...', 3306, '', 0)
#1 C:\Users\ganot\OneDrive\Documents\magang\company profile\kocengmerawoodcraft.kadinkotamalang.com\kocengmerawoodcraft.kadinkotamalang.com\31\system\Database\BaseConnection.php(391): CodeIgniter\Database\MySQLi\Connection->connect(false)
#2 C:\Users\ganot\OneDrive\Documents\magang\company profile\kocengmerawoodcraft.kadinkotamalang.com\kocengmerawoodcraft.kadinkotamalang.com\31\system\Database\BaseConnection.php(574): CodeIgniter\Database\BaseConnection->initialize()
#3 C:\Users\ganot\OneDrive\Documents\magang\company profile\kocengmerawoodcraft.kadinkotamalang.com\kocengmerawoodcraft.kadinkotamalang.com\31\system\Database\BaseBuilder.php(1616): CodeIgniter\Database\BaseConnection->query('SELECT *\nFROM `...', Array, false)
#4 C:\Users\ganot\OneDrive\Documents\magang\company profile\kocengmerawoodcraft.kadinkotamalang.com\kocengmerawoodcraft.kadinkotamalang.com\31\system\Model.php(241): CodeIgniter\Database\BaseBuilder->get()
#5 C:\Users\ganot\OneDrive\Documents\magang\company profile\kocengmerawoodcraft.kadinkotamalang.com\kocengmerawoodcraft.kadinkotamalang.com\31\system\BaseModel.php(618): CodeIgniter\Model->doFindAll(0, 0)
#6 C:\Users\ganot\OneDrive\Documents\magang\company profile\kocengmerawoodcraft.kadinkotamalang.com\kocengmerawoodcraft.kadinkotamalang.com\31\app\Controllers\user\Homectrl.php(31): CodeIgniter\BaseModel->findAll()
#7 C:\Users\ganot\OneDrive\Documents\magang\company profile\kocengmerawoodcraft.kadinkotamalang.com\kocengmerawoodcraft.kadinkotamalang.com\31\system\CodeIgniter.php(932): App\Controllers\user\Homectrl->index()
#8 C:\Users\ganot\OneDrive\Documents\magang\company profile\kocengmerawoodcraft.kadinkotamalang.com\kocengmerawoodcraft.kadinkotamalang.com\31\system\CodeIgniter.php(497): CodeIgniter\CodeIgniter->runController(Object(App\Controllers\user\Homectrl))
#9 C:\Users\ganot\OneDrive\Documents\magang\company profile\kocengmerawoodcraft.kadinkotamalang.com\kocengmerawoodcraft.kadinkotamalang.com\31\system\CodeIgniter.php(366): CodeIgniter\CodeIgniter->handleRequest(NULL, Object(Config\Cache), false)
#10 C:\Users\ganot\OneDrive\Documents\magang\company profile\kocengmerawoodcraft.kadinkotamalang.com\kocengmerawoodcraft.kadinkotamalang.com\31\public\index.php(67): CodeIgniter\CodeIgniter->run()
#11 C:\Users\ganot\OneDrive\Documents\magang\company profile\kocengmerawoodcraft.kadinkotamalang.com\kocengmerawoodcraft.kadinkotamalang.com\31\system\Commands\Server\rewrite.php(47): require_once('C:\\Users\\ganot\\...')
#12 {main}

Next CodeIgniter\Database\Exceptions\DatabaseException: No connection could be made because the target machine actively refused it in C:\Users\ganot\OneDrive\Documents\magang\company profile\kocengmerawoodcraft.kadinkotamalang.com\kocengmerawoodcraft.kadinkotamalang.com\31\system\Database\MySQLi\Connection.php:218
Stack trace:
#0 C:\Users\ganot\OneDrive\Documents\magang\company profile\kocengmerawoodcraft.kadinkotamalang.com\kocengmerawoodcraft.kadinkotamalang.com\31\system\Database\BaseConnection.php(391): CodeIgniter\Database\MySQLi\Connection->connect(false)
#1 C:\Users\ganot\OneDrive\Documents\magang\company profile\kocengmerawoodcraft.kadinkotamalang.com\kocengmerawoodcraft.kadinkotamalang.com\31\system\Database\BaseConnection.php(574): CodeIgniter\Database\BaseConnection->initialize()
#2 C:\Users\ganot\OneDrive\Documents\magang\company profile\kocengmerawoodcraft.kadinkotamalang.com\kocengmerawoodcraft.kadinkotamalang.com\31\system\Database\BaseBuilder.php(1616): CodeIgniter\Database\BaseConnection->query('SELECT *\nFROM `...', Array, false)
#3 C:\Users\ganot\OneDrive\Documents\magang\company profile\kocengmerawoodcraft.kadinkotamalang.com\kocengmerawoodcraft.kadinkotamalang.com\31\system\Model.php(241): CodeIgniter\Database\BaseBuilder->get()
#4 C:\Users\ganot\OneDrive\Documents\magang\company profile\kocengmerawoodcraft.kadinkotamalang.com\kocengmerawoodcraft.kadinkotamalang.com\31\system\BaseModel.php(618): CodeIgniter\Model->doFindAll(0, 0)
#5 C:\Users\ganot\OneDrive\Documents\magang\company profile\kocengmerawoodcraft.kadinkotamalang.com\kocengmerawoodcraft.kadinkotamalang.com\31\app\Controllers\user\Homectrl.php(31): CodeIgniter\BaseModel->findAll()
#6 C:\Users\ganot\OneDrive\Documents\magang\company profile\kocengmerawoodcraft.kadinkotamalang.com\kocengmerawoodcraft.kadinkotamalang.com\31\system\CodeIgniter.php(932): App\Controllers\user\Homectrl->index()
#7 C:\Users\ganot\OneDrive\Documents\magang\company profile\kocengmerawoodcraft.kadinkotamalang.com\kocengmerawoodcraft.kadinkotamalang.com\31\system\CodeIgniter.php(497): CodeIgniter\CodeIgniter->runController(Object(App\Controllers\user\Homectrl))
#8 C:\Users\ganot\OneDrive\Documents\magang\company profile\kocengmerawoodcraft.kadinkotamalang.com\kocengmerawoodcraft.kadinkotamalang.com\31\system\CodeIgniter.php(366): CodeIgniter\CodeIgniter->handleRequest(NULL, Object(Config\Cache), false)
#9 C:\Users\ganot\OneDrive\Documents\magang\company profile\kocengmerawoodcraft.kadinkotamalang.com\kocengmerawoodcraft.kadinkotamalang.com\31\public\index.php(67): CodeIgniter\CodeIgniter->run()
#10 C:\Users\ganot\OneDrive\Documents\magang\company profile\kocengmerawoodcraft.kadinkotamalang.com\kocengmerawoodcraft.kadinkotamalang.com\31\system\Commands\Server\rewrite.php(47): require_once('C:\\Users\\ganot\\...')
#11 {main}
CRITICAL - 2024-08-14 02:45:39 --> Unable to connect to the database.
Main connection [MySQLi]: No connection could be made because the target machine actively refused it
in SYSTEMPATH\Database\BaseConnection.php on line 427.
 1 SYSTEMPATH\Database\BaseConnection.php(574): CodeIgniter\Database\BaseConnection->initialize()
 2 SYSTEMPATH\Database\BaseBuilder.php(1616): CodeIgniter\Database\BaseConnection->query('SELECT *
FROM `tb_profil`', [], false)
 3 SYSTEMPATH\Model.php(241): CodeIgniter\Database\BaseBuilder->get()
 4 SYSTEMPATH\BaseModel.php(618): CodeIgniter\Model->doFindAll(0, 0)
 5 APPPATH\Controllers\user\Homectrl.php(31): CodeIgniter\BaseModel->findAll()
 6 SYSTEMPATH\CodeIgniter.php(932): App\Controllers\user\Homectrl->index()
 7 SYSTEMPATH\CodeIgniter.php(497): CodeIgniter\CodeIgniter->runController(Object(App\Controllers\user\Homectrl))
 8 SYSTEMPATH\CodeIgniter.php(366): CodeIgniter\CodeIgniter->handleRequest(null, Object(Config\Cache), false)
 9 FCPATH\index.php(67): CodeIgniter\CodeIgniter->run()
10 SYSTEMPATH\Commands\Server\rewrite.php(47): require_once('C:\\Users\\ganot\\OneDrive\\Documents\\magang\\company profile\\kocengmerawoodcraft.kadinkotamalang.com\\kocengmerawoodcraft.kadinkotamalang.com\\31\\public\\index.php')
INFO - 2024-08-14 02:46:56 --> Session: Class initialized using 'CodeIgniter\Session\Handlers\FileHandler' driver.
ERROR - 2024-08-14 02:46:56 --> mysqli_sql_exception: Table 'u1658729_tigapuluhsatu.tb_profil' doesn't exist in engine in C:\Users\ganot\OneDrive\Documents\magang\company profile\kocengmerawoodcraft.kadinkotamalang.com\kocengmerawoodcraft.kadinkotamalang.com\31\system\Database\MySQLi\Connection.php:295
Stack trace:
#0 C:\Users\ganot\OneDrive\Documents\magang\company profile\kocengmerawoodcraft.kadinkotamalang.com\kocengmerawoodcraft.kadinkotamalang.com\31\system\Database\MySQLi\Connection.php(295): mysqli->query('SELECT *\nFROM `...', 0)
#1 C:\Users\ganot\OneDrive\Documents\magang\company profile\kocengmerawoodcraft.kadinkotamalang.com\kocengmerawoodcraft.kadinkotamalang.com\31\system\Database\BaseConnection.php(692): CodeIgniter\Database\MySQLi\Connection->execute('SELECT *\nFROM `...')
#2 C:\Users\ganot\OneDrive\Documents\magang\company profile\kocengmerawoodcraft.kadinkotamalang.com\kocengmerawoodcraft.kadinkotamalang.com\31\system\Database\BaseConnection.php(606): CodeIgniter\Database\BaseConnection->simpleQuery('SELECT *\nFROM `...')
#3 C:\Users\ganot\OneDrive\Documents\magang\company profile\kocengmerawoodcraft.kadinkotamalang.com\kocengmerawoodcraft.kadinkotamalang.com\31\system\Database\BaseBuilder.php(1616): CodeIgniter\Database\BaseConnection->query('SELECT *\nFROM `...', Array, false)
#4 C:\Users\ganot\OneDrive\Documents\magang\company profile\kocengmerawoodcraft.kadinkotamalang.com\kocengmerawoodcraft.kadinkotamalang.com\31\system\Model.php(241): CodeIgniter\Database\BaseBuilder->get()
#5 C:\Users\ganot\OneDrive\Documents\magang\company profile\kocengmerawoodcraft.kadinkotamalang.com\kocengmerawoodcraft.kadinkotamalang.com\31\system\BaseModel.php(618): CodeIgniter\Model->doFindAll(0, 0)
#6 C:\Users\ganot\OneDrive\Documents\magang\company profile\kocengmerawoodcraft.kadinkotamalang.com\kocengmerawoodcraft.kadinkotamalang.com\31\app\Controllers\user\Homectrl.php(31): CodeIgniter\BaseModel->findAll()
#7 C:\Users\ganot\OneDrive\Documents\magang\company profile\kocengmerawoodcraft.kadinkotamalang.com\kocengmerawoodcraft.kadinkotamalang.com\31\system\CodeIgniter.php(932): App\Controllers\user\Homectrl->index()
#8 C:\Users\ganot\OneDrive\Documents\magang\company profile\kocengmerawoodcraft.kadinkotamalang.com\kocengmerawoodcraft.kadinkotamalang.com\31\system\CodeIgniter.php(497): CodeIgniter\CodeIgniter->runController(Object(App\Controllers\user\Homectrl))
#9 C:\Users\ganot\OneDrive\Documents\magang\company profile\kocengmerawoodcraft.kadinkotamalang.com\kocengmerawoodcraft.kadinkotamalang.com\31\system\CodeIgniter.php(366): CodeIgniter\CodeIgniter->handleRequest(NULL, Object(Config\Cache), false)
#10 C:\Users\ganot\OneDrive\Documents\magang\company profile\kocengmerawoodcraft.kadinkotamalang.com\kocengmerawoodcraft.kadinkotamalang.com\31\public\index.php(67): CodeIgniter\CodeIgniter->run()
#11 C:\Users\ganot\OneDrive\Documents\magang\company profile\kocengmerawoodcraft.kadinkotamalang.com\kocengmerawoodcraft.kadinkotamalang.com\31\system\Commands\Server\rewrite.php(47): require_once('C:\\Users\\ganot\\...')
#12 {main}
CRITICAL - 2024-08-14 02:46:56 --> Table 'u1658729_tigapuluhsatu.tb_profil' doesn't exist in engine
in SYSTEMPATH\Database\MySQLi\Connection.php on line 295.
 1 SYSTEMPATH\Database\MySQLi\Connection.php(295): mysqli->query('SELECT *
FROM `tb_profil`', 0)
 2 SYSTEMPATH\Database\BaseConnection.php(692): CodeIgniter\Database\MySQLi\Connection->execute('SELECT *
FROM `tb_profil`')
 3 SYSTEMPATH\Database\BaseConnection.php(606): CodeIgniter\Database\BaseConnection->simpleQuery('SELECT *
FROM `tb_profil`')
 4 SYSTEMPATH\Database\BaseBuilder.php(1616): CodeIgniter\Database\BaseConnection->query('SELECT *
FROM `tb_profil`', [], false)
 5 SYSTEMPATH\Model.php(241): CodeIgniter\Database\BaseBuilder->get()
 6 SYSTEMPATH\BaseModel.php(618): CodeIgniter\Model->doFindAll(0, 0)
 7 APPPATH\Controllers\user\Homectrl.php(31): CodeIgniter\BaseModel->findAll()
 8 SYSTEMPATH\CodeIgniter.php(932): App\Controllers\user\Homectrl->index()
 9 SYSTEMPATH\CodeIgniter.php(497): CodeIgniter\CodeIgniter->runController(Object(App\Controllers\user\Homectrl))
10 SYSTEMPATH\CodeIgniter.php(366): CodeIgniter\CodeIgniter->handleRequest(null, Object(Config\Cache), false)
11 FCPATH\index.php(67): CodeIgniter\CodeIgniter->run()
12 SYSTEMPATH\Commands\Server\rewrite.php(47): require_once('C:\\Users\\ganot\\OneDrive\\Documents\\magang\\company profile\\kocengmerawoodcraft.kadinkotamalang.com\\kocengmerawoodcraft.kadinkotamalang.com\\31\\public\\index.php')
INFO - 2024-08-14 02:48:03 --> Session: Class initialized using 'CodeIgniter\Session\Handlers\FileHandler' driver.
ERROR - 2024-08-14 02:48:03 --> mysqli_sql_exception: Table 'u1658729_tigapuluhsatu.tb_profil' doesn't exist in engine in C:\Users\ganot\OneDrive\Documents\magang\company profile\kocengmerawoodcraft.kadinkotamalang.com\kocengmerawoodcraft.kadinkotamalang.com\31\system\Database\MySQLi\Connection.php:295
Stack trace:
#0 C:\Users\ganot\OneDrive\Documents\magang\company profile\kocengmerawoodcraft.kadinkotamalang.com\kocengmerawoodcraft.kadinkotamalang.com\31\system\Database\MySQLi\Connection.php(295): mysqli->query('SELECT *\nFROM `...', 0)
#1 C:\Users\ganot\OneDrive\Documents\magang\company profile\kocengmerawoodcraft.kadinkotamalang.com\kocengmerawoodcraft.kadinkotamalang.com\31\system\Database\BaseConnection.php(692): CodeIgniter\Database\MySQLi\Connection->execute('SELECT *\nFROM `...')
#2 C:\Users\ganot\OneDrive\Documents\magang\company profile\kocengmerawoodcraft.kadinkotamalang.com\kocengmerawoodcraft.kadinkotamalang.com\31\system\Database\BaseConnection.php(606): CodeIgniter\Database\BaseConnection->simpleQuery('SELECT *\nFROM `...')
#3 C:\Users\ganot\OneDrive\Documents\magang\company profile\kocengmerawoodcraft.kadinkotamalang.com\kocengmerawoodcraft.kadinkotamalang.com\31\system\Database\BaseBuilder.php(1616): CodeIgniter\Database\BaseConnection->query('SELECT *\nFROM `...', Array, false)
#4 C:\Users\ganot\OneDrive\Documents\magang\company profile\kocengmerawoodcraft.kadinkotamalang.com\kocengmerawoodcraft.kadinkotamalang.com\31\system\Model.php(241): CodeIgniter\Database\BaseBuilder->get()
#5 C:\Users\ganot\OneDrive\Documents\magang\company profile\kocengmerawoodcraft.kadinkotamalang.com\kocengmerawoodcraft.kadinkotamalang.com\31\system\BaseModel.php(618): CodeIgniter\Model->doFindAll(0, 0)
#6 C:\Users\ganot\OneDrive\Documents\magang\company profile\kocengmerawoodcraft.kadinkotamalang.com\kocengmerawoodcraft.kadinkotamalang.com\31\app\Controllers\user\Homectrl.php(31): CodeIgniter\BaseModel->findAll()
#7 C:\Users\ganot\OneDrive\Documents\magang\company profile\kocengmerawoodcraft.kadinkotamalang.com\kocengmerawoodcraft.kadinkotamalang.com\31\system\CodeIgniter.php(932): App\Controllers\user\Homectrl->index()
#8 C:\Users\ganot\OneDrive\Documents\magang\company profile\kocengmerawoodcraft.kadinkotamalang.com\kocengmerawoodcraft.kadinkotamalang.com\31\system\CodeIgniter.php(497): CodeIgniter\CodeIgniter->runController(Object(App\Controllers\user\Homectrl))
#9 C:\Users\ganot\OneDrive\Documents\magang\company profile\kocengmerawoodcraft.kadinkotamalang.com\kocengmerawoodcraft.kadinkotamalang.com\31\system\CodeIgniter.php(366): CodeIgniter\CodeIgniter->handleRequest(NULL, Object(Config\Cache), false)
#10 C:\Users\ganot\OneDrive\Documents\magang\company profile\kocengmerawoodcraft.kadinkotamalang.com\kocengmerawoodcraft.kadinkotamalang.com\31\public\index.php(67): CodeIgniter\CodeIgniter->run()
#11 C:\Users\ganot\OneDrive\Documents\magang\company profile\kocengmerawoodcraft.kadinkotamalang.com\kocengmerawoodcraft.kadinkotamalang.com\31\system\Commands\Server\rewrite.php(47): require_once('C:\\Users\\ganot\\...')
#12 {main}
CRITICAL - 2024-08-14 02:48:03 --> Table 'u1658729_tigapuluhsatu.tb_profil' doesn't exist in engine
in SYSTEMPATH\Database\MySQLi\Connection.php on line 295.
 1 SYSTEMPATH\Database\MySQLi\Connection.php(295): mysqli->query('SELECT *
FROM `tb_profil`', 0)
 2 SYSTEMPATH\Database\BaseConnection.php(692): CodeIgniter\Database\MySQLi\Connection->execute('SELECT *
FROM `tb_profil`')
 3 SYSTEMPATH\Database\BaseConnection.php(606): CodeIgniter\Database\BaseConnection->simpleQuery('SELECT *
FROM `tb_profil`')
 4 SYSTEMPATH\Database\BaseBuilder.php(1616): CodeIgniter\Database\BaseConnection->query('SELECT *
FROM `tb_profil`', [], false)
 5 SYSTEMPATH\Model.php(241): CodeIgniter\Database\BaseBuilder->get()
 6 SYSTEMPATH\BaseModel.php(618): CodeIgniter\Model->doFindAll(0, 0)
 7 APPPATH\Controllers\user\Homectrl.php(31): CodeIgniter\BaseModel->findAll()
 8 SYSTEMPATH\CodeIgniter.php(932): App\Controllers\user\Homectrl->index()
 9 SYSTEMPATH\CodeIgniter.php(497): CodeIgniter\CodeIgniter->runController(Object(App\Controllers\user\Homectrl))
10 SYSTEMPATH\CodeIgniter.php(366): CodeIgniter\CodeIgniter->handleRequest(null, Object(Config\Cache), false)
11 FCPATH\index.php(67): CodeIgniter\CodeIgniter->run()
12 SYSTEMPATH\Commands\Server\rewrite.php(47): require_once('C:\\Users\\ganot\\OneDrive\\Documents\\magang\\company profile\\kocengmerawoodcraft.kadinkotamalang.com\\kocengmerawoodcraft.kadinkotamalang.com\\31\\public\\index.php')
INFO - 2024-08-14 02:51:08 --> Session: Class initialized using 'CodeIgniter\Session\Handlers\FileHandler' driver.
ERROR - 2024-08-14 02:51:08 --> mysqli_sql_exception: Table 'u1658729_tigapuluhsatu.tb_profil' doesn't exist in engine in C:\Users\ganot\OneDrive\Documents\magang\company profile\kocengmerawoodcraft.kadinkotamalang.com\kocengmerawoodcraft.kadinkotamalang.com\31\system\Database\MySQLi\Connection.php:295
Stack trace:
#0 C:\Users\ganot\OneDrive\Documents\magang\company profile\kocengmerawoodcraft.kadinkotamalang.com\kocengmerawoodcraft.kadinkotamalang.com\31\system\Database\MySQLi\Connection.php(295): mysqli->query('SELECT *\nFROM `...', 0)
#1 C:\Users\ganot\OneDrive\Documents\magang\company profile\kocengmerawoodcraft.kadinkotamalang.com\kocengmerawoodcraft.kadinkotamalang.com\31\system\Database\BaseConnection.php(692): CodeIgniter\Database\MySQLi\Connection->execute('SELECT *\nFROM `...')
#2 C:\Users\ganot\OneDrive\Documents\magang\company profile\kocengmerawoodcraft.kadinkotamalang.com\kocengmerawoodcraft.kadinkotamalang.com\31\system\Database\BaseConnection.php(606): CodeIgniter\Database\BaseConnection->simpleQuery('SELECT *\nFROM `...')
#3 C:\Users\ganot\OneDrive\Documents\magang\company profile\kocengmerawoodcraft.kadinkotamalang.com\kocengmerawoodcraft.kadinkotamalang.com\31\system\Database\BaseBuilder.php(1616): CodeIgniter\Database\BaseConnection->query('SELECT *\nFROM `...', Array, false)
#4 C:\Users\ganot\OneDrive\Documents\magang\company profile\kocengmerawoodcraft.kadinkotamalang.com\kocengmerawoodcraft.kadinkotamalang.com\31\system\Model.php(241): CodeIgniter\Database\BaseBuilder->get()
#5 C:\Users\ganot\OneDrive\Documents\magang\company profile\kocengmerawoodcraft.kadinkotamalang.com\kocengmerawoodcraft.kadinkotamalang.com\31\system\BaseModel.php(618): CodeIgniter\Model->doFindAll(0, 0)
#6 C:\Users\ganot\OneDrive\Documents\magang\company profile\kocengmerawoodcraft.kadinkotamalang.com\kocengmerawoodcraft.kadinkotamalang.com\31\app\Controllers\user\Homectrl.php(31): CodeIgniter\BaseModel->findAll()
#7 C:\Users\ganot\OneDrive\Documents\magang\company profile\kocengmerawoodcraft.kadinkotamalang.com\kocengmerawoodcraft.kadinkotamalang.com\31\system\CodeIgniter.php(932): App\Controllers\user\Homectrl->index()
#8 C:\Users\ganot\OneDrive\Documents\magang\company profile\kocengmerawoodcraft.kadinkotamalang.com\kocengmerawoodcraft.kadinkotamalang.com\31\system\CodeIgniter.php(497): CodeIgniter\CodeIgniter->runController(Object(App\Controllers\user\Homectrl))
#9 C:\Users\ganot\OneDrive\Documents\magang\company profile\kocengmerawoodcraft.kadinkotamalang.com\kocengmerawoodcraft.kadinkotamalang.com\31\system\CodeIgniter.php(366): CodeIgniter\CodeIgniter->handleRequest(NULL, Object(Config\Cache), false)
#10 C:\Users\ganot\OneDrive\Documents\magang\company profile\kocengmerawoodcraft.kadinkotamalang.com\kocengmerawoodcraft.kadinkotamalang.com\31\public\index.php(67): CodeIgniter\CodeIgniter->run()
#11 C:\Users\ganot\OneDrive\Documents\magang\company profile\kocengmerawoodcraft.kadinkotamalang.com\kocengmerawoodcraft.kadinkotamalang.com\31\system\Commands\Server\rewrite.php(47): require_once('C:\\Users\\ganot\\...')
#12 {main}
CRITICAL - 2024-08-14 02:51:08 --> Table 'u1658729_tigapuluhsatu.tb_profil' doesn't exist in engine
in SYSTEMPATH\Database\MySQLi\Connection.php on line 295.
 1 SYSTEMPATH\Database\MySQLi\Connection.php(295): mysqli->query('SELECT *
FROM `tb_profil`', 0)
 2 SYSTEMPATH\Database\BaseConnection.php(692): CodeIgniter\Database\MySQLi\Connection->execute('SELECT *
FROM `tb_profil`')
 3 SYSTEMPATH\Database\BaseConnection.php(606): CodeIgniter\Database\BaseConnection->simpleQuery('SELECT *
FROM `tb_profil`')
 4 SYSTEMPATH\Database\BaseBuilder.php(1616): CodeIgniter\Database\BaseConnection->query('SELECT *
FROM `tb_profil`', [], false)
 5 SYSTEMPATH\Model.php(241): CodeIgniter\Database\BaseBuilder->get()
 6 SYSTEMPATH\BaseModel.php(618): CodeIgniter\Model->doFindAll(0, 0)
 7 APPPATH\Controllers\user\Homectrl.php(31): CodeIgniter\BaseModel->findAll()
 8 SYSTEMPATH\CodeIgniter.php(932): App\Controllers\user\Homectrl->index()
 9 SYSTEMPATH\CodeIgniter.php(497): CodeIgniter\CodeIgniter->runController(Object(App\Controllers\user\Homectrl))
10 SYSTEMPATH\CodeIgniter.php(366): CodeIgniter\CodeIgniter->handleRequest(null, Object(Config\Cache), false)
11 FCPATH\index.php(67): CodeIgniter\CodeIgniter->run()
12 SYSTEMPATH\Commands\Server\rewrite.php(47): require_once('C:\\Users\\ganot\\OneDrive\\Documents\\magang\\company profile\\kocengmerawoodcraft.kadinkotamalang.com\\kocengmerawoodcraft.kadinkotamalang.com\\31\\public\\index.php')
INFO - 2024-08-14 03:05:37 --> Session: Class initialized using 'CodeIgniter\Session\Handlers\FileHandler' driver.
